corner  T_C   VDD   eps_b3    df_MHz   eps_b4    df_MHz   eps_b5    df_MHz
----------------------------------------------------------------------------------------
tt        0  1.62   0.0440     733.2   0.0880     990.3   0.1760    1364.0
tt        0  1.80   0.0440     733.2   0.0880     990.3   0.1760    1364.0
tt        0  1.98   0.0440     733.2   0.0880     990.3   0.1760    1364.0
tt       27  1.62   0.0440     733.2   0.0880     988.5   0.1760    1364.0
tt       27  1.80   0.0440     733.2   0.0880     988.5   0.1760    1364.0
tt       27  1.98   0.0440     733.2   0.0880     990.3   0.1760    1364.0
tt       85  1.62   0.0440     729.7   0.0880     988.5   0.1760    1365.4
tt       85  1.80   0.0440     731.3   0.0880     988.5   0.1760    1365.4
tt       85  1.98   0.0440     731.3   0.0880     988.5   0.1760    1365.4
ff        0  1.62   0.0440     733.4   0.0880     990.7   0.1760    1367.7
ff        0  1.80   0.0440     733.4   0.0880     990.7   0.1760    1367.7
ff        0  1.98   0.0440     733.4   0.0880     990.7   0.1760    1367.7
ff       27  1.62   0.0440     731.6   0.0880     990.7   0.1760    1369.1
ff       27  1.80   0.0440     731.6   0.0880     990.7   0.1760    1369.1
ff       27  1.98   0.0440     731.6   0.0880     990.7   0.1760    1369.1
ff       85  1.62   0.0440     730.0   0.0880     990.3   0.1760    1367.2
ff       85  1.80   0.0440     730.0   0.0880     990.3   0.1760    1367.2
ff       85  1.98   0.0440     730.0   0.0880     990.3   0.1760    1367.2
ss        0  1.62   0.0440     732.9   0.0880     986.6   0.1760    1362.2
ss        0  1.80   0.0440     732.9   0.0880     986.6   0.1760    1362.2
ss        0  1.98   0.0440     732.9   0.0880     986.6   0.1760    1362.2
ss       27  1.62   0.0440     732.9   0.0880     986.6   0.1760    1362.2
ss       27  1.80   0.0440     732.9   0.0880     986.6   0.1760    1362.2
ss       27  1.98   0.0440     732.9   0.0880     986.6   0.1760    1362.2
ss       85  1.62   0.0440     731.0   0.0880     986.6   0.1760    1363.5
ss       85  1.80   0.0440     731.0   0.0880     986.6   0.1760    1363.5
ss       85  1.98   0.0440     731.0   0.0880     986.6   0.1760    1363.5
sf        0  1.62   0.0440     733.2   0.0880     991.8   0.1760    1367.2
sf        0  1.80   0.0440     733.2   0.0880     990.3   0.1760    1367.2
sf        0  1.98   0.0440     733.2   0.0880     990.3   0.1760    1367.2
sf       27  1.62   0.0440     733.2   0.0880     991.8   0.1760    1368.6
sf       27  1.80   0.0440     733.2   0.0880     991.8   0.1760    1367.2
sf       27  1.98   0.0440     733.2   0.0880     991.8   0.1760    1367.2
sf       85  1.62   0.0440     729.7   0.0880     991.8   0.1760    1368.6
sf       85  1.80   0.0440     729.7   0.0880     991.8   0.1760    1368.6
sf       85  1.98   0.0440     731.6   0.0880     991.8   0.1760    1368.6
fs        0  1.62   0.0440     731.3   0.0880     985.5   0.1760    1362.7
fs        0  1.80   0.0440     731.3   0.0880     985.5   0.1760    1362.7
fs        0  1.98   0.0440     733.2   0.0880     985.5   0.1760    1362.7
fs       27  1.62   0.0440     731.3   0.0880     987.0   0.1760    1362.7
fs       27  1.80   0.0440     731.3   0.0880     987.0   0.1760    1362.7
fs       27  1.98   0.0440     731.3   0.0880     987.0   0.1760    1362.7
fs       85  1.62   0.0440     731.3   0.0880     987.0   0.1760    1362.2
fs       85  1.80   0.0440     731.3   0.0880     987.0   0.1760    1362.2
fs       85  1.98   0.0440     731.3   0.0880     987.0   0.1760    1362.2

Summary stats:
  Δf at b4 (ε=0.088):
    min = 985 MHz   max = 992 MHz
    mean = 989 MHz   stdev = 2 MHz
    spread = ±3 MHz (0.3% of mean)
    PASS (Δf > 500 MHz at b4): 45/45 corners
